Traceback (most recent call last):
  File "tsv_main.py", line 746, in <module>
    main()
  File "tsv_main.py", line 585, in main
    model = BleurtForSequenceClassification.from_pretrained('lucadiliello/BLEURT-20').cuda()
  File "/Users/xrong8/anaconda3/envs/pytorch/lib/python3.8/site-packages/transformers/modeling_utils.py", line 3117, in cuda
    return super().cuda(*args, **kwargs)
  File "/Users/xrong8/anaconda3/envs/pytorch/lib/python3.8/site-packages/torch/nn/modules/module.py", line 916, in cuda
    return self._apply(lambda t: t.cuda(device))
  File "/Users/xrong8/anaconda3/envs/pytorch/lib/python3.8/site-packages/torch/nn/modules/module.py", line 780, in _apply
    module._apply(fn)
  File "/Users/xrong8/anaconda3/envs/pytorch/lib/python3.8/site-packages/torch/nn/modules/module.py", line 780, in _apply
    module._apply(fn)
  File "/Users/xrong8/anaconda3/envs/pytorch/lib/python3.8/site-packages/torch/nn/modules/module.py", line 780, in _apply
    module._apply(fn)
  File "/Users/xrong8/anaconda3/envs/pytorch/lib/python3.8/site-packages/torch/nn/modules/module.py", line 805, in _apply
    param_applied = fn(param)
  File "/Users/xrong8/anaconda3/envs/pytorch/lib/python3.8/site-packages/torch/nn/modules/module.py", line 916, in <lambda>
    return self._apply(lambda t: t.cuda(device))
  File "/Users/xrong8/anaconda3/envs/pytorch/lib/python3.8/site-packages/torch/cuda/__init__.py", line 305, in _lazy_init
    raise AssertionError("Torch not compiled with CUDA enabled")
AssertionError: Torch not compiled with CUDA enabled
